<?xml version="1.0" encoding="UTF-8"?>
<!-- Generated by org.testng.reporters.JUnitReportReporter -->
<testsuite skipped="0" hostname="DESKTOP-2DA1JLJ" name="Case.TestStartClient" tests="2" failures="0" timestamp="08 八月 2018 09:22:27 GMT" time="9.869" errors="0">
  <testcase name="TestEnterLoginPage" time="4.646" classname="Case.TestStartClient"/>
  <testcase name="TestLogin" time="5.223" classname="Case.TestStartClient"/>
</testsuite> <!-- Case.TestStartClient -->
