<?xml version="1.0" encoding="UTF-8"?>
<!-- Generated by org.testng.reporters.JUnitReportReporter -->
<testsuite skipped="0" hostname="DESKTOP-2DA1JLJ" name="Case.TestWeb" tests="1" failures="0" timestamp="09 八月 2018 09:15:48 GMT" time="0.698" errors="0">
  <testcase name="testWeb" time="0.698" classname="Case.TestWeb"/>
</testsuite> <!-- Case.TestWeb -->
